<?xml version="1.0" encoding="UTF-8"?><testsuite name="nosetests" tests="43" errors="0" failures="0" skip="0"><testcase classname="wazo_ui.helpers.tests.test_classful.TestBaseView" name="test_fill_form_error_with_input_error" time="0.004"></testcase><testcase classname="wazo_ui.helpers.tests.test_classful.TestBaseView" name="test_fill_form_error_with_input_error_and_invalid_attribute" time="0.001"></testcase><testcase classname="wazo_ui.helpers.tests.test_classful.TestBaseView" name="test_fill_form_error_with_input_error_and_invalid_format" time="0.001"></testcase><testcase classname="wazo_ui.helpers.tests.test_classful.TestBaseView" name="test_fill_form_error_with_input_error_and_not_constraint" time="0.001"></testcase><testcase classname="wazo_ui.helpers.tests.test_classful.TestBaseView" name="test_fill_form_error_with_list_input_error" time="0.001"></testcase><testcase classname="wazo_ui.helpers.tests.test_classful.TestBaseView" name="test_fill_form_error_with_multiple_input_error" time="0.001"></testcase><testcase classname="wazo_ui.helpers.tests.test_classful.TestBaseView" name="test_fill_form_error_with_not_input_error" time="0.001"></testcase><testcase classname="wazo_ui.helpers.tests.test_classful.TestSelect2Helpers" name="test_build_select2_response_with_pagination" time="0.000"></testcase><testcase classname="wazo_ui.helpers.tests.test_classful.TestSelect2Helpers" name="test_build_select2_response_without_pagination" time="0.000"></testcase><testcase classname="wazo_ui.helpers.tests.test_classful.TestSelect2Helpers" name="test_extract_select2_params" time="0.000"></testcase><testcase classname="wazo_ui.helpers.tests.test_classful.TestSelect2Helpers" name="test_extract_select2_params_when_no_args" time="0.000"></testcase><testcase classname="wazo_ui.helpers.tests.test_classful.TestSelect2Helpers" name="test_extract_select2_params_when_page_is_more_than_one" time="0.000"></testcase><testcase classname="wazo_ui.helpers.tests.test_classful.TestSelect2Helpers" name="test_extract_select2_params_when_page_is_not_positive_integer" time="0.000"></testcase><testcase classname="wazo_ui.helpers.tests.test_classful.TestSelect2Helpers" name="test_is_positive_integer" time="0.000"></testcase><testcase classname="wazo_ui.helpers.tests.test_classful.TestSelect2Helpers" name="test_is_positive_integer_when_negative" time="0.000"></testcase><testcase classname="wazo_ui.helpers.tests.test_classful.TestSelect2Helpers" name="test_is_positive_integer_when_none" time="0.000"></testcase><testcase classname="wazo_ui.helpers.tests.test_classful.TestSelect2Helpers" name="test_is_positive_integer_when_string" time="0.000"></testcase><testcase classname="wazo_ui.helpers.tests.test_classful.TestSelect2Helpers" name="test_is_positive_integer_when_string_integer" time="0.000"></testcase><testcase classname="wazo_ui.helpers.tests.test_error.TestErrorExtractor" name="test_extract_resource" time="0.000"></testcase><testcase classname="wazo_ui.helpers.tests.test_error.TestErrorExtractor" name="test_extract_resource_when_does_not_match" time="0.000"></testcase><testcase classname="wazo_ui.helpers.tests.test_error.TestErrorExtractor" name="test_extract_resource_when_match_on_url_resource" time="0.000"></testcase><testcase classname="wazo_ui.helpers.tests.test_error.TestErrorExtractor" name="test_extract_resource_with_id" time="0.000"></testcase><testcase classname="wazo_ui.helpers.tests.test_error.TestErrorTranslator" name="test_translate_constraint" time="0.000"></testcase><testcase classname="wazo_ui.helpers.tests.test_error.TestErrorTranslator" name="test_translate_constraint_when_does_not_match" time="0.000"></testcase><testcase classname="wazo_ui.helpers.tests.test_form.TestBaseForm" name="test_populate_errors" time="0.001"></testcase><testcase classname="wazo_ui.helpers.tests.test_form.TestBaseForm" name="test_populate_errors_when_error_not_match_field" time="0.001"></testcase><testcase classname="wazo_ui.helpers.tests.test_form.TestBaseForm" name="test_populate_errors_when_errors_is_initialize_with_tuple" time="0.001"></testcase><testcase classname="wazo_ui.helpers.tests.test_form.TestBaseForm" name="test_populate_errors_when_fieldlist_of_formfield" time="0.001"></testcase><testcase classname="wazo_ui.helpers.tests.test_form.TestBaseForm" name="test_populate_errors_when_formfield" time="0.001"></testcase><testcase classname="wazo_ui.helpers.tests.test_form.TestBaseForm" name="test_to_dict_with_csrf_token" time="0.001"></testcase><testcase classname="wazo_ui.helpers.tests.test_form.TestBaseForm" name="test_to_dict_with_default_and_data" time="0.001"></testcase><testcase classname="wazo_ui.helpers.tests.test_form.TestBaseForm" name="test_to_dict_with_default_and_empty_data" time="0.001"></testcase><testcase classname="wazo_ui.helpers.tests.test_form.TestBaseForm" name="test_to_dict_with_default_and_no_data" time="0.001"></testcase><testcase classname="wazo_ui.helpers.tests.test_form.TestBaseForm" name="test_to_dict_with_default_empty_data" time="0.002"></testcase><testcase classname="wazo_ui.helpers.tests.test_form.TestBaseForm" name="test_to_dict_with_default_to_false_and_no_data" time="0.001"></testcase><testcase classname="wazo_ui.helpers.tests.test_form.TestBaseForm" name="test_to_dict_with_empty_data" time="0.001"></testcase><testcase classname="wazo_ui.helpers.tests.test_form.TestBaseForm" name="test_to_dict_with_formfield" time="0.001"></testcase><testcase classname="wazo_ui.helpers.tests.test_form.TestBaseForm" name="test_to_dict_with_listfield_of_fieldform" time="0.001"></testcase><testcase classname="wazo_ui.helpers.tests.test_form.TestBaseForm" name="test_to_dict_with_no_data" time="0.001"></testcase><testcase classname="wazo_ui.helpers.tests.test_form.TestBaseForm" name="test_to_dict_with_submitfield" time="0.001"></testcase><testcase classname="wazo_ui.helpers.tests.test_form.TestSelectField" name="test_coerce_from_integer" time="0.001"></testcase><testcase classname="wazo_ui.helpers.tests.test_form.TestSelectField" name="test_coerce_from_none" time="0.001"></testcase><testcase classname="wazo_ui.helpers.tests.test_form.TestSelectField" name="test_coerce_from_string" time="0.001"></testcase></testsuite>